TN:
SF:C:\Source\rust\state_hierarchy\benches\my_benchmark.rs
FNF:0
DA:105,0
DA:106,0
DA:109,0
DA:110,0
DA:139,0
LF:5
LH:0
end_of_record
TN:
SF:C:\Source\rust\state_hierarchy\src\child_deletion_policy.rs
FNF:0
DA:11,8
DA:12,8
DA:13,0
DA:15,8
LF:4
LH:3
end_of_record
TN:
SF:C:\Source\rust\state_hierarchy\src\child_key.rs
FNF:0
DA:8,0
DA:9,0
DA:10,0
DA:11,0
DA:17,187
DA:18,187
DA:23,15
DA:24,15
LF:8
LH:4
end_of_record
TN:
SF:C:\Source\rust\state_hierarchy\src\components.rs
FNF:0
DA:13,87
DA:36,87
DA:37,87
LF:3
LH:3
end_of_record
TN:
SF:C:\Source\rust\state_hierarchy\src\concrete_component_commands.rs
FNF:0
DA:10,0
DA:11,0
DA:14,4
DA:15,4
DA:18,0
DA:19,0
DA:24,38
LF:7
LH:3
end_of_record
TN:
SF:C:\Source\rust\state_hierarchy\src\creation_commands.rs
FNF:0
DA:12,40
DA:18,80
DA:19,40
DA:20,40
DA:21,40
DA:27,87
DA:36,63
DA:37,63
DA:40,0
DA:42,0
DA:43,0
LF:11
LH:8
end_of_record
TN:
SF:C:\Source\rust\state_hierarchy\src\deleter.rs
FNF:0
DA:19,0
DA:32,28
DA:33,14
DA:34,14
DA:36,0
LF:5
LH:3
end_of_record
TN:
SF:C:\Source\rust\state_hierarchy\src\either.rs
FNF:0
DA:7,0
DA:22,0
DA:23,0
DA:24,0
DA:25,0
DA:26,0
DA:27,0
DA:29,0
DA:30,0
DA:31,0
DA:32,0
DA:33,0
DA:34,0
DA:39,0
DA:40,0
DA:41,0
DA:42,0
DA:43,0
DA:44,0
DA:45,0
DA:46,0
DA:57,0
DA:58,0
DA:59,0
DA:60,0
DA:61,0
DA:63,0
DA:64,0
DA:65,0
DA:66,0
DA:67,0
DA:68,0
LF:32
LH:0
end_of_record
TN:
SF:C:\Source\rust\state_hierarchy\src\helpers.rs
FNF:0
DA:5,87
DA:13,87
DA:14,87
DA:16,87
DA:18,87
DA:19,87
DA:22,87
DA:23,87
DA:24,87
DA:25,87
DA:26,87
DA:29,87
DA:30,87
DA:31,87
DA:32,87
DA:35,87
DA:36,87
DA:38,87
DA:43,14
DA:48,14
DA:49,0
DA:52,14
DA:53,14
DA:55,14
DA:57,42
DA:58,14
DA:60,14
DA:61,0
DA:62,6
DA:63,6
DA:65,8
DA:66,8
DA:67,8
DA:70,8
DA:75,115
DA:82,115
DA:83,230
DA:84,0
DA:85,0
DA:87,115
DA:90,115
DA:92,345
DA:94,345
DA:96,115
DA:98,115
DA:99,115
DA:100,115
DA:101,115
DA:108,345
DA:110,230
DA:111,115
DA:112,115
DA:114,107
DA:116,115
DA:118,24
DA:121,24
DA:122,24
DA:123,24
DA:124,24
DA:125,24
DA:126,0
DA:128,24
DA:133,345
DA:135,115
DA:136,115
DA:137,107
DA:139,115
DA:140,24
DA:141,20
DA:142,20
DA:143,20
DA:146,20
DA:147,20
DA:148,20
DA:149,20
DA:151,20
DA:153,4
DA:154,4
DA:155,4
DA:158,4
DA:159,4
DA:160,4
DA:161,4
DA:163,4
DA:169,119
DA:170,4
LF:86
LH:81
end_of_record
TN:
SF:C:\Source\rust\state_hierarchy\src\hierarchy_node.rs
FNF:0
DA:41,1
DA:42,1
DA:72,202
DA:75,202
DA:78,317
DA:79,317
DA:86,202
DA:89,202
DA:92,331
DA:93,331
DA:108,82
LF:11
LH:11
end_of_record
TN:
SF:C:\Source\rust\state_hierarchy\src\hierarchy_root.rs
FNF:0
DA:19,19
DA:20,19
DA:21,19
DA:22,19
LF:4
LH:4
end_of_record
TN:
SF:C:\Source\rust\state_hierarchy\src\node_context.rs
FNF:0
DA:14,59
DA:15,59
DA:26,227
DA:27,227
DA:28,227
LF:5
LH:5
end_of_record
TN:
SF:C:\Source\rust\state_hierarchy\src\ordered_child_commands.rs
FNF:0
DA:19,133
DA:25,133
DA:27,228
DA:30,95
DA:32,95
DA:33,95
DA:34,95
DA:35,95
DA:36,95
DA:38,95
DA:39,95
DA:41,0
DA:43,0
DA:46,0
DA:48,0
DA:52,38
DA:53,38
DA:54,38
DA:61,20
DA:67,20
DA:68,19
DA:69,19
DA:71,146
DA:73,127
DA:74,108
DA:75,324
DA:84,19
DA:89,1
DA:92,1
DA:97,20
DA:98,20
DA:101,46
DA:102,26
DA:104,8
DA:105,25
DA:106,34
DA:107,34
DA:109,16
DA:110,2
DA:112,5
DA:115,7
DA:116,1
DA:118,6
DA:119,6
DA:120,5
DA:124,18
DA:125,5
DA:126,5
DA:128,3
DA:129,3
DA:133,20
DA:137,20
DA:138,20
DA:140,181
DA:143,20
LF:55
LH:51
end_of_record
TN:
SF:C:\Source\rust\state_hierarchy\src\plugin.rs
FNF:0
DA:8,5
DA:9,5
DA:18,5
DA:19,10
DA:20,5
DA:23,5
DA:25,5
DA:29,19
DA:34,27
DA:35,8
DA:36,8
DA:37,0
DA:42,19
DA:48,19
DA:50,19
DA:51,19
DA:52,0
DA:55,19
DA:58,19
DA:59,19
DA:60,19
DA:61,19
DA:63,19
LF:23
LH:21
end_of_record
TN:
SF:C:\Source\rust\state_hierarchy\src\root_commands.rs
FNF:0
DA:14,19
DA:19,19
DA:21,59
DA:22,101
DA:29,19
DA:33,19
DA:34,22
DA:35,1
DA:41,29
DA:47,29
DA:49,29
DA:50,20
DA:51,40
DA:53,20
DA:54,20
DA:55,20
DA:56,20
DA:57,20
DA:60,0
DA:62,0
DA:65,0
DA:67,0
DA:68,0
DA:71,9
DA:72,9
DA:73,9
LF:26
LH:21
end_of_record
TN:
SF:C:\Source\rust\state_hierarchy\src\static_components.rs
FNF:0
DA:11,29
DA:18,38
DA:19,9
LF:3
LH:3
end_of_record
TN:
SF:C:\Source\rust\state_hierarchy\src\transition\deletion_path_maker.rs
FNF:0
DA:31,0
DA:32,0
DA:41,0
DA:42,0
DA:44,0
DA:53,0
DA:66,0
DA:67,0
DA:76,0
DA:77,0
LF:10
LH:0
end_of_record
TN:
SF:C:\Source\rust\state_hierarchy\src\transition\lens.rs
FNF:0
DA:31,0
DA:32,0
DA:33,0
DA:34,0
DA:46,0
DA:47,0
DA:52,0
DA:53,0
DA:58,0
DA:59,0
DA:64,0
DA:66,0
DA:72,0
DA:73,0
DA:97,0
DA:98,0
DA:103,0
DA:104,0
DA:109,0
DA:110,0
DA:134,0
DA:135,0
DA:145,0
DA:146,0
DA:156,0
DA:157,0
DA:175,0
DA:176,0
DA:185,0
DA:186,0
DA:189,0
DA:190,0
LF:32
LH:0
end_of_record
TN:
SF:C:\Source\rust\state_hierarchy\src\transition\lenses.rs
FNF:0
DA:9,0
DA:18,0
DA:19,0
DA:24,0
DA:25,0
DA:30,0
DA:31,0
DA:40,0
DA:49,0
DA:50,0
DA:55,0
DA:56,0
DA:61,0
DA:62,0
DA:83,0
DA:89,0
DA:90,0
DA:91,0
LF:18
LH:0
end_of_record
TN:
SF:C:\Source\rust\state_hierarchy\src\transition\plugin.rs
FNF:0
DA:19,0
DA:21,0
DA:31,0
DA:32,0
DA:36,0
DA:44,0
DA:46,0
DA:47,0
DA:49,0
DA:50,0
DA:51,0
DA:52,0
DA:54,0
DA:55,0
DA:56,0
DA:57,0
DA:68,0
DA:70,0
DA:72,0
DA:73,0
DA:77,0
DA:78,0
DA:81,0
LF:23
LH:0
end_of_record
TN:
SF:C:\Source\rust\state_hierarchy\src\transition\speed.rs
FNF:0
DA:18,0
DA:19,0
DA:28,0
DA:30,0
DA:36,0
DA:48,0
DA:49,0
DA:58,0
DA:60,0
DA:66,0
DA:78,0
DA:79,0
DA:88,0
DA:90,0
DA:96,0
DA:107,0
DA:108,0
DA:109,0
DA:122,0
DA:123,0
DA:124,0
DA:127,0
DA:129,0
LF:23
LH:0
end_of_record
TN:
SF:C:\Source\rust\state_hierarchy\src\transition\step.rs
FNF:0
DA:24,0
DA:25,0
DA:26,0
DA:27,0
DA:29,0
DA:30,0
DA:31,0
DA:33,0
DA:34,0
DA:37,0
DA:38,0
DA:39,0
DA:43,0
DA:47,0
DA:48,0
DA:50,0
DA:51,0
DA:52,0
DA:55,0
DA:56,0
DA:57,0
DA:60,0
DA:68,0
DA:69,0
DA:70,0
DA:71,0
DA:80,0
DA:81,0
DA:82,0
DA:83,0
DA:91,0
DA:96,0
DA:97,0
DA:98,0
DA:99,0
DA:100,0
DA:117,0
DA:118,0
DA:119,0
DA:120,0
DA:122,0
LF:41
LH:0
end_of_record
TN:
SF:C:\Source\rust\state_hierarchy\src\transition\transitioned_value.rs
FNF:0
DA:7,0
DA:17,0
DA:18,0
DA:19,0
DA:22,0
DA:23,0
DA:24,0
DA:27,0
DA:28,0
DA:29,0
DA:32,0
DA:33,0
DA:34,0
DA:38,0
DA:39,0
DA:42,0
LF:16
LH:0
end_of_record
TN:
SF:C:\Source\rust\state_hierarchy\src\transition\tweenable.rs
FNF:0
DA:25,0
DA:26,0
DA:29,0
DA:34,0
DA:35,0
DA:38,0
DA:41,0
DA:42,0
DA:44,0
DA:51,0
DA:52,0
DA:53,0
DA:56,0
DA:57,0
DA:60,0
DA:65,0
DA:66,0
DA:69,0
DA:76,0
DA:77,0
DA:78,0
DA:80,0
DA:83,0
DA:84,0
DA:87,0
DA:92,0
DA:93,0
DA:96,0
DA:103,0
DA:104,0
DA:105,0
DA:108,0
DA:109,0
DA:112,0
DA:117,0
DA:118,0
DA:121,0
DA:128,0
DA:133,0
DA:134,0
DA:137,0
DA:138,0
DA:140,0
DA:141,0
DA:142,0
DA:151,0
DA:152,0
DA:153,0
DA:154,0
DA:155,0
DA:169,0
DA:170,0
DA:171,0
DA:172,0
DA:173,0
DA:174,0
DA:175,0
DA:176,0
DA:181,0
DA:182,0
DA:183,0
DA:184,0
DA:185,0
DA:186,0
DA:189,0
DA:191,0
DA:192,0
DA:193,0
DA:194,0
DA:195,0
DA:197,0
DA:198,0
DA:199,0
DA:200,0
DA:201,0
DA:203,0
DA:204,0
DA:205,0
DA:206,0
DA:207,0
DA:209,0
DA:210,0
DA:211,0
DA:212,0
DA:213,0
DA:215,0
DA:219,0
DA:220,0
DA:228,0
DA:233,0
DA:236,0
DA:237,0
DA:238,0
DA:239,0
DA:241,0
DA:242,0
DA:243,0
DA:244,0
DA:245,0
DA:247,0
DA:248,0
DA:249,0
DA:250,0
DA:251,0
DA:255,0
DA:256,0
DA:257,0
DA:258,0
DA:260,0
DA:261,0
DA:262,0
DA:263,0
DA:264,0
DA:266,0
DA:267,0
DA:268,0
DA:269,0
DA:270,0
DA:275,0
DA:276,0
DA:277,0
DA:278,0
DA:280,0
DA:281,0
DA:282,0
DA:283,0
DA:284,0
DA:286,0
DA:287,0
DA:288,0
DA:289,0
DA:290,0
DA:294,0
DA:295,0
DA:296,0
DA:297,0
DA:299,0
DA:300,0
DA:301,0
DA:302,0
DA:303,0
DA:305,0
DA:306,0
DA:307,0
DA:308,0
DA:309,0
DA:312,0
DA:316,0
DA:318,0
DA:319,0
DA:323,0
DA:326,0
DA:327,0
DA:328,0
DA:329,0
DA:331,0
DA:332,0
DA:333,0
DA:334,0
DA:335,0
DA:338,0
DA:339,0
DA:340,0
DA:341,0
DA:345,0
DA:346,0
DA:347,0
DA:348,0
DA:350,0
DA:351,0
DA:352,0
DA:353,0
DA:354,0
DA:357,0
DA:358,0
DA:359,0
DA:360,0
DA:365,0
DA:366,0
DA:367,0
DA:368,0
DA:370,0
DA:371,0
DA:372,0
DA:373,0
DA:374,0
DA:377,0
DA:378,0
DA:379,0
DA:380,0
DA:384,0
DA:385,0
DA:386,0
DA:387,0
DA:389,0
DA:390,0
DA:391,0
DA:392,0
DA:393,0
DA:396,0
DA:397,0
DA:398,0
DA:399,0
DA:401,0
DA:405,0
DA:406,0
DA:410,0
DA:411,0
DA:412,0
DA:413,0
DA:415,0
DA:425,0
DA:426,0
DA:427,0
DA:429,0
DA:432,0
DA:433,0
DA:434,0
DA:435,0
DA:437,0
DA:439,0
DA:442,0
DA:443,0
DA:444,0
DA:445,0
DA:448,0
LF:226
LH:0
end_of_record
TN:
SF:C:\Source\rust\state_hierarchy\src\transition\ui_lenses.rs
FNF:0
DA:31,0
DA:32,0
DA:37,0
DA:38,0
LF:4
LH:0
end_of_record
TN:
SF:C:\Source\rust\state_hierarchy\src\transition\with.rs
FNF:0
DA:12,0
DA:22,0
DA:23,0
DA:25,0
DA:28,0
DA:40,0
DA:41,0
DA:43,0
DA:44,0
DA:45,0
DA:46,0
DA:50,0
DA:59,0
DA:61,0
DA:64,0
DA:109,0
DA:112,0
DA:115,0
DA:116,0
DA:135,0
DA:143,0
DA:145,0
DA:146,0
DA:147,0
DA:148,0
DA:149,0
DA:152,0
DA:153,0
DA:155,0
DA:156,0
DA:157,0
DA:160,0
DA:161,0
DA:164,0
DA:165,0
DA:166,0
DA:170,0
DA:171,0
DA:176,0
DA:177,0
DA:181,0
DA:182,0
DA:183,0
DA:185,0
DA:186,0
DA:187,0
DA:190,0
DA:193,0
DA:196,0
DA:201,0
DA:202,0
DA:204,0
DA:205,0
DA:207,0
DA:209,0
DA:211,0
DA:213,0
DA:214,0
DA:217,0
DA:218,0
DA:219,0
DA:222,0
DA:223,0
DA:226,0
DA:236,0
DA:237,0
DA:238,0
DA:239,0
DA:240,0
LF:69
LH:0
end_of_record
TN:
SF:C:\Source\rust\state_hierarchy\src\unordered_child_commands.rs
FNF:0
DA:17,0
DA:23,0
DA:25,0
DA:28,0
DA:30,0
DA:31,0
DA:32,0
DA:33,0
DA:34,0
DA:36,0
DA:38,0
DA:40,0
DA:43,0
DA:45,0
DA:49,0
DA:50,0
DA:51,0
DA:59,4
DA:64,4
DA:65,0
DA:66,0
DA:68,0
DA:69,0
DA:70,0
DA:71,0
DA:84,4
DA:91,4
DA:92,4
DA:95,4
DA:96,0
LF:30
LH:6
end_of_record
TN:
SF:C:\Source\rust\state_hierarchy\src\widgets\button_node.rs
FNF:0
DA:28,0
DA:34,0
DA:35,0
DA:37,0
DA:38,0
DA:39,0
DA:41,0
DA:45,0
DA:48,0
DA:50,0
DA:51,0
DA:52,0
DA:54,0
DA:61,0
DA:68,0
DA:69,0
DA:70,0
DA:71,0
DA:73,0
DA:76,0
LF:20
LH:0
end_of_record
TN:
SF:C:\Source\rust\state_hierarchy\src\widgets\carousel.rs
FNF:0
DA:12,0
DA:29,0
DA:30,0
DA:31,0
DA:32,0
DA:45,0
DA:52,0
DA:53,0
DA:54,0
DA:55,0
DA:56,0
DA:57,0
DA:59,0
DA:69,0
DA:80,0
DA:81,0
DA:83,0
DA:84,0
DA:85,0
DA:86,0
DA:88,0
DA:89,0
DA:90,0
DA:91,0
DA:92,0
DA:94,0
DA:97,0
DA:99,0
DA:101,0
DA:102,0
DA:103,0
DA:104,0
DA:109,0
DA:113,0
DA:114,0
DA:115,0
DA:116,0
DA:120,0
LF:38
LH:0
end_of_record
TN:
SF:C:\Source\rust\state_hierarchy\src\widgets\image_node.rs
FNF:0
DA:25,0
DA:32,0
DA:36,0
DA:37,0
DA:38,0
DA:41,0
LF:6
LH:0
end_of_record
TN:
SF:C:\Source\rust\state_hierarchy\src\widgets\mod.rs
FNF:0
DA:17,0
DA:18,0
DA:19,0
DA:20,0
DA:22,0
LF:5
LH:0
end_of_record
TN:
SF:C:\Source\rust\state_hierarchy\src\widgets\text_node.rs
FNF:0
DA:28,0
DA:35,0
DA:38,0
DA:39,0
DA:40,0
DA:41,0
DA:42,0
DA:46,0
DA:49,0
LF:9
LH:0
end_of_record
