TN:
SF:C:\Source\rust\maveric\benches\ordered_benchmark.rs
FNF:0
DA:71,0
DA:72,0
DA:73,0
DA:74,0
DA:75,0
DA:92,0
DA:98,0
DA:99,0
DA:100,0
DA:102,0
LF:10
LH:0
end_of_record
TN:
SF:C:\Source\rust\maveric\benches\unordered_benchmark.rs
FNF:0
DA:140,0
DA:141,0
DA:142,0
DA:143,0
DA:146,0
DA:147,0
DA:149,0
LF:7
LH:0
end_of_record
TN:
SF:C:\Source\rust\maveric\src\child_commands.rs
FNF:0
DA:24,0
DA:30,0
DA:32,0
DA:35,0
DA:36,0
DA:37,0
DA:38,0
DA:42,0
DA:43,0
DA:44,0
DA:45,0
DA:46,0
DA:48,0
DA:50,0
DA:52,0
DA:55,0
DA:56,0
DA:58,0
DA:62,0
DA:63,0
DA:64,0
DA:70,0
DA:71,0
DA:73,0
DA:74,0
DA:75,0
DA:77,0
DA:78,0
DA:79,0
DA:80,0
DA:81,0
DA:93,0
DA:99,0
DA:101,0
DA:102,0
DA:120,173
DA:126,173
DA:128,268
DA:131,95
DA:132,95
DA:133,95
DA:134,95
DA:138,95
DA:139,95
DA:140,95
DA:141,95
DA:142,95
DA:144,95
DA:145,95
DA:146,95
DA:148,0
DA:150,0
DA:153,0
DA:154,0
DA:156,0
DA:160,78
DA:161,78
DA:162,78
DA:163,78
DA:164,78
DA:169,29
DA:170,29
DA:172,29
DA:173,19
DA:174,19
DA:177,127
DA:178,108
DA:179,108
DA:180,108
DA:181,324
DA:190,19
DA:191,19
DA:196,10
DA:198,10
DA:199,10
DA:204,29
DA:205,29
DA:206,29
DA:207,29
DA:208,134
DA:209,210
DA:210,84
DA:211,5
DA:212,5
DA:214,79
DA:216,29
DA:220,55
DA:221,26
DA:223,8
DA:224,3
DA:227,5
DA:228,14
DA:229,18
DA:230,18
DA:232,9
DA:233,1
DA:235,3
DA:238,4
DA:239,0
DA:241,4
DA:242,4
DA:243,3
DA:247,11
DA:248,3
DA:249,3
DA:251,2
DA:252,2
DA:255,55
DA:256,26
LF:109
LH:68
end_of_record
TN:
SF:C:\Source\rust\maveric\src\child_deletion_policy.rs
FNF:0
DA:11,8
DA:12,8
DA:13,0
DA:15,8
LF:4
LH:3
end_of_record
TN:
SF:C:\Source\rust\maveric\src\child_key.rs
FNF:0
DA:8,0
DA:9,0
DA:10,0
DA:11,0
DA:17,187
DA:18,187
DA:23,15
DA:24,15
LF:8
LH:4
end_of_record
TN:
SF:C:\Source\rust\maveric\src\child_tuple.rs
FNF:0
DA:18,0
DA:19,0
DA:21,0
DA:22,0
DA:23,0
DA:48,0
DA:52,0
DA:54,0
DA:55,0
DA:56,0
DA:64,0
DA:69,0
DA:70,0
DA:73,0
DA:74,0
DA:75,0
DA:76,0
DA:86,0
DA:91,0
DA:92,0
DA:95,0
DA:96,0
DA:97,0
DA:107,0
DA:111,0
DA:113,0
DA:114,0
DA:115,0
DA:116,0
LF:29
LH:0
end_of_record
TN:
SF:C:\Source\rust\maveric\src\component_commands.rs
FNF:0
DA:10,14
DA:12,0
DA:14,0
DA:15,0
DA:17,0
DA:18,0
DA:24,8
DA:25,8
DA:28,0
DA:29,0
DA:30,0
DA:32,0
LF:12
LH:3
end_of_record
TN:
SF:C:\Source\rust\maveric\src\components.rs
FNF:0
DA:13,87
DA:26,87
DA:27,87
LF:3
LH:3
end_of_record
TN:
SF:C:\Source\rust\maveric\src\deleter.rs
FNF:0
DA:19,0
DA:33,28
DA:34,14
DA:36,0
LF:4
LH:2
end_of_record
TN:
SF:C:\Source\rust\maveric\src\helpers.rs
FNF:0
DA:5,87
DA:13,87
DA:14,87
DA:16,87
DA:18,87
DA:19,87
DA:21,87
DA:22,87
DA:27,14
DA:32,14
DA:33,0
DA:36,14
DA:37,14
DA:38,14
DA:40,14
DA:41,14
DA:42,42
DA:43,14
DA:45,14
DA:46,0
DA:47,6
DA:48,6
DA:50,8
DA:51,8
DA:52,8
DA:55,8
DA:60,115
DA:67,115
DA:68,230
DA:69,0
DA:71,0
DA:73,115
DA:75,115
DA:76,115
DA:77,345
DA:79,115
DA:80,115
DA:81,115
DA:86,115
DA:87,115
DA:88,115
DA:90,115
DA:92,345
DA:94,119
DA:95,4
LF:45
LH:41
end_of_record
TN:
SF:C:\Source\rust\maveric\src\into_components.rs
FNF:0
DA:13,0
DA:24,0
DA:35,0
DA:48,0
DA:66,0
DA:70,0
DA:71,0
DA:78,0
DA:82,0
LF:9
LH:0
end_of_record
TN:
SF:C:\Source\rust\maveric\src\node.rs
FNF:0
DA:9,1
DA:10,1
LF:2
LH:2
end_of_record
TN:
SF:C:\Source\rust\maveric\src\node_commands.rs
FNF:0
DA:11,216
LF:1
LH:1
end_of_record
TN:
SF:C:\Source\rust\maveric\src\node_context.rs
FNF:0
DA:14,39
DA:15,39
DA:26,26
DA:27,26
DA:28,26
DA:48,0
DA:49,0
LF:7
LH:5
end_of_record
TN:
SF:C:\Source\rust\maveric\src\node_data.rs
FNF:0
DA:25,202
DA:36,202
DA:41,0
DA:43,0
DA:44,0
DA:45,0
DA:46,0
DA:47,0
DA:51,29
DA:52,107
DA:55,0
DA:56,0
DA:59,29
DA:63,29
DA:67,29
DA:68,29
DA:69,29
DA:70,29
DA:74,0
DA:78,0
DA:80,0
DA:81,0
DA:83,0
DA:84,0
DA:89,29
DA:90,29
DA:91,9
DA:92,0
DA:93,20
DA:94,0
DA:103,0
DA:108,0
DA:111,0
DA:117,0
DA:118,0
DA:120,0
DA:121,0
DA:136,0
DA:137,0
DA:144,0
DA:145,0
DA:152,0
DA:157,0
DA:164,0
DA:169,0
DA:176,0
DA:178,0
DA:179,0
DA:180,0
DA:181,0
DA:182,0
DA:186,29
DA:191,87
DA:194,0
DA:199,0
DA:200,0
DA:204,29
DA:215,29
DA:216,0
DA:219,29
DA:220,29
DA:221,29
DA:224,0
DA:235,0
DA:236,0
DA:239,0
DA:240,0
DA:241,0
DA:246,0
DA:251,0
DA:254,0
DA:259,0
DA:266,0
DA:271,0
DA:274,0
DA:279,0
DA:284,29
DA:289,87
DA:292,0
DA:297,0
LF:80
LH:23
end_of_record
TN:
SF:C:\Source\rust\maveric\src\plugin.rs
FNF:0
DA:8,5
DA:9,5
DA:18,5
DA:19,10
DA:20,5
DA:23,5
DA:25,5
DA:29,19
DA:34,27
DA:35,8
DA:36,8
DA:37,0
DA:42,19
DA:48,19
DA:50,19
DA:51,19
DA:52,0
DA:55,19
DA:57,19
DA:58,19
LF:20
LH:18
end_of_record
TN:
SF:C:\Source\rust\maveric\src\root.rs
FNF:0
DA:30,19
DA:31,19
DA:32,19
DA:33,19
LF:4
LH:4
end_of_record
TN:
SF:C:\Source\rust\maveric\src\root_commands.rs
FNF:0
DA:14,19
DA:19,19
DA:21,59
DA:22,59
DA:35,19
DA:39,19
DA:40,22
DA:41,1
DA:47,29
DA:53,29
DA:55,29
DA:56,20
DA:57,40
DA:59,20
DA:60,20
DA:61,20
DA:62,20
DA:63,20
DA:66,0
DA:68,0
DA:71,0
DA:73,0
DA:74,0
DA:77,9
DA:78,9
DA:79,9
LF:26
LH:21
end_of_record
TN:
SF:C:\Source\rust\maveric\src\transition\deletion_path_maker.rs
FNF:0
DA:31,0
DA:32,0
DA:41,0
DA:42,0
DA:44,0
DA:53,0
DA:66,0
DA:67,0
DA:76,0
DA:77,0
LF:10
LH:0
end_of_record
TN:
SF:C:\Source\rust\maveric\src\transition\lens.rs
FNF:0
DA:31,0
DA:32,0
DA:33,0
DA:34,0
DA:46,0
DA:47,0
DA:52,0
DA:53,0
DA:58,0
DA:59,0
DA:64,0
DA:66,0
DA:72,0
DA:73,0
DA:97,0
DA:98,0
DA:103,0
DA:104,0
DA:109,0
DA:110,0
DA:134,0
DA:135,0
DA:145,0
DA:146,0
DA:156,0
DA:157,0
DA:175,0
DA:176,0
DA:185,0
DA:186,0
DA:189,0
DA:190,0
LF:32
LH:0
end_of_record
TN:
SF:C:\Source\rust\maveric\src\transition\lenses.rs
FNF:0
DA:9,0
DA:18,0
DA:19,0
DA:24,0
DA:25,0
DA:30,0
DA:31,0
DA:40,0
DA:49,0
DA:50,0
DA:55,0
DA:56,0
DA:61,0
DA:62,0
DA:87,0
DA:93,0
DA:94,0
DA:95,0
LF:18
LH:0
end_of_record
TN:
SF:C:\Source\rust\maveric\src\transition\plugin.rs
FNF:0
DA:12,0
DA:17,0
DA:21,0
DA:29,0
DA:31,0
DA:32,0
DA:34,0
DA:35,0
DA:36,0
DA:37,0
DA:39,0
DA:40,0
DA:41,0
DA:42,0
DA:53,0
DA:55,0
DA:57,0
DA:58,0
DA:62,0
DA:63,0
DA:66,0
LF:21
LH:0
end_of_record
TN:
SF:C:\Source\rust\maveric\src\transition\speed.rs
FNF:0
DA:18,0
DA:19,0
DA:28,0
DA:30,0
DA:36,0
DA:48,0
DA:49,0
DA:58,0
DA:60,0
DA:66,0
DA:78,0
DA:79,0
DA:88,0
DA:90,0
DA:96,0
DA:107,0
DA:108,0
DA:109,0
DA:122,0
DA:123,0
DA:124,0
DA:127,0
DA:129,0
LF:23
LH:0
end_of_record
TN:
SF:C:\Source\rust\maveric\src\transition\step.rs
FNF:0
DA:24,0
DA:25,0
DA:26,0
DA:27,0
DA:29,0
DA:30,0
DA:31,0
DA:33,0
DA:34,0
DA:37,0
DA:38,0
DA:39,0
DA:43,0
DA:47,0
DA:48,0
DA:50,0
DA:51,0
DA:52,0
DA:55,0
DA:56,0
DA:57,0
DA:60,0
DA:68,0
DA:69,0
DA:70,0
DA:71,0
DA:80,0
DA:81,0
DA:82,0
DA:83,0
DA:91,0
DA:96,0
DA:97,0
DA:98,0
DA:99,0
DA:100,0
DA:117,0
DA:118,0
DA:119,0
DA:120,0
DA:122,0
LF:41
LH:0
end_of_record
TN:
SF:C:\Source\rust\maveric\src\transition\transition_value.rs
FNF:0
DA:7,0
DA:17,0
DA:18,0
DA:19,0
DA:22,0
DA:23,0
DA:24,0
DA:25,0
DA:27,0
DA:30,0
DA:31,0
DA:32,0
DA:35,0
DA:36,0
DA:40,0
DA:41,0
DA:44,0
LF:17
LH:0
end_of_record
TN:
SF:C:\Source\rust\maveric\src\transition\tweenable.rs
FNF:0
DA:25,0
DA:26,0
DA:29,0
DA:34,0
DA:35,0
DA:38,0
DA:41,0
DA:42,0
DA:44,0
DA:51,0
DA:52,0
DA:53,0
DA:56,0
DA:57,0
DA:60,0
DA:65,0
DA:66,0
DA:69,0
DA:76,0
DA:77,0
DA:78,0
DA:80,0
DA:83,0
DA:84,0
DA:87,0
DA:92,0
DA:93,0
DA:96,0
DA:103,0
DA:104,0
DA:105,0
DA:108,0
DA:109,0
DA:112,0
DA:117,0
DA:118,0
DA:121,0
DA:128,0
DA:133,0
DA:134,0
DA:137,0
DA:138,0
DA:140,0
DA:141,0
DA:142,0
DA:151,0
DA:152,0
DA:153,0
DA:154,0
DA:155,0
DA:169,0
DA:170,0
DA:171,0
DA:172,0
DA:173,0
DA:174,0
DA:175,0
DA:176,0
DA:181,0
DA:182,0
DA:183,0
DA:184,0
DA:185,0
DA:186,0
DA:189,0
DA:191,0
DA:192,0
DA:193,0
DA:194,0
DA:195,0
DA:197,0
DA:198,0
DA:199,0
DA:200,0
DA:201,0
DA:203,0
DA:204,0
DA:205,0
DA:206,0
DA:207,0
DA:209,0
DA:210,0
DA:211,0
DA:212,0
DA:213,0
DA:215,0
DA:219,0
DA:220,0
DA:228,0
DA:233,0
DA:236,0
DA:237,0
DA:238,0
DA:239,0
DA:241,0
DA:242,0
DA:243,0
DA:244,0
DA:245,0
DA:247,0
DA:248,0
DA:249,0
DA:250,0
DA:251,0
DA:255,0
DA:256,0
DA:257,0
DA:258,0
DA:260,0
DA:261,0
DA:262,0
DA:263,0
DA:264,0
DA:266,0
DA:267,0
DA:268,0
DA:269,0
DA:270,0
DA:275,0
DA:276,0
DA:277,0
DA:278,0
DA:280,0
DA:281,0
DA:282,0
DA:283,0
DA:284,0
DA:286,0
DA:287,0
DA:288,0
DA:289,0
DA:290,0
DA:294,0
DA:295,0
DA:296,0
DA:297,0
DA:299,0
DA:300,0
DA:301,0
DA:302,0
DA:303,0
DA:305,0
DA:306,0
DA:307,0
DA:308,0
DA:309,0
DA:312,0
DA:316,0
DA:318,0
DA:320,0
DA:324,0
DA:327,0
DA:328,0
DA:329,0
DA:330,0
DA:332,0
DA:333,0
DA:334,0
DA:335,0
DA:336,0
DA:339,0
DA:340,0
DA:341,0
DA:342,0
DA:346,0
DA:347,0
DA:348,0
DA:349,0
DA:351,0
DA:352,0
DA:353,0
DA:354,0
DA:355,0
DA:358,0
DA:359,0
DA:360,0
DA:361,0
DA:366,0
DA:367,0
DA:368,0
DA:369,0
DA:371,0
DA:372,0
DA:373,0
DA:374,0
DA:375,0
DA:378,0
DA:379,0
DA:380,0
DA:381,0
DA:385,0
DA:386,0
DA:387,0
DA:388,0
DA:390,0
DA:391,0
DA:392,0
DA:393,0
DA:394,0
DA:397,0
DA:398,0
DA:399,0
DA:400,0
DA:402,0
DA:406,0
DA:407,0
DA:411,0
DA:412,0
DA:413,0
DA:414,0
DA:416,0
DA:426,0
DA:427,0
DA:428,0
DA:430,0
DA:433,0
DA:434,0
DA:435,0
DA:436,0
DA:438,0
DA:440,0
DA:443,0
DA:444,0
DA:445,0
DA:446,0
DA:449,0
LF:226
LH:0
end_of_record
TN:
SF:C:\Source\rust\maveric\src\transition\ui_lenses.rs
FNF:0
DA:31,0
DA:32,0
DA:37,0
DA:38,0
LF:4
LH:0
end_of_record
TN:
SF:C:\Source\rust\maveric\src\transition\with.rs
FNF:0
DA:12,0
DA:22,0
DA:23,0
DA:25,0
DA:28,0
DA:40,0
DA:41,0
DA:43,0
DA:44,0
DA:45,0
DA:46,0
DA:50,0
DA:59,0
DA:61,0
DA:64,0
DA:76,0
DA:105,0
DA:106,0
DA:118,0
DA:122,0
DA:123,0
DA:125,0
DA:126,0
DA:127,0
DA:128,0
DA:130,0
DA:131,0
DA:132,0
DA:133,0
DA:134,0
DA:135,0
DA:138,0
DA:139,0
DA:142,0
DA:143,0
DA:144,0
DA:146,0
DA:149,0
DA:150,0
DA:155,0
DA:156,0
DA:160,0
DA:161,0
DA:162,0
DA:163,0
DA:164,0
DA:165,0
DA:166,0
DA:169,0
DA:172,0
DA:175,0
DA:178,0
DA:179,0
DA:184,0
DA:185,0
DA:187,0
DA:188,0
DA:189,0
DA:191,0
DA:193,0
DA:195,0
DA:197,0
DA:199,0
DA:201,0
DA:202,0
DA:205,0
DA:206,0
DA:207,0
DA:210,0
DA:211,0
DA:216,0
LF:71
LH:0
end_of_record
TN:
SF:C:\Source\rust\maveric\src\widgets\button_node.rs
FNF:0
DA:18,0
DA:23,0
DA:25,0
DA:26,0
DA:27,0
DA:30,0
DA:31,0
LF:7
LH:0
end_of_record
TN:
SF:C:\Source\rust\maveric\src\widgets\carousel.rs
FNF:0
DA:12,0
DA:25,0
DA:26,0
DA:27,0
DA:28,0
DA:37,0
DA:41,0
DA:42,0
DA:43,0
DA:44,0
DA:45,0
DA:46,0
DA:47,0
DA:49,0
DA:53,0
DA:54,0
DA:55,0
DA:56,0
DA:57,0
DA:59,0
DA:60,0
DA:62,0
DA:63,0
DA:64,0
DA:65,0
DA:66,0
DA:68,0
DA:69,0
DA:70,0
DA:71,0
DA:72,0
DA:74,0
DA:77,0
DA:79,0
DA:81,0
DA:82,0
DA:83,0
DA:84,0
DA:87,0
DA:91,0
DA:92,0
DA:93,0
DA:94,0
DA:97,0
LF:44
LH:0
end_of_record
TN:
SF:C:\Source\rust\maveric\src\widgets\image_node.rs
FNF:0
DA:17,0
DA:22,0
DA:24,0
DA:25,0
DA:26,0
DA:27,0
DA:28,0
DA:29,0
DA:33,0
DA:34,0
LF:10
LH:0
end_of_record
TN:
SF:C:\Source\rust\maveric\src\widgets\mod.rs
FNF:0
DA:17,0
DA:18,0
DA:19,0
DA:20,0
DA:22,0
LF:5
LH:0
end_of_record
TN:
SF:C:\Source\rust\maveric\src\widgets\text_node.rs
FNF:0
DA:20,0
DA:24,0
DA:27,0
DA:29,0
DA:30,0
DA:31,0
DA:32,0
DA:33,0
DA:34,0
DA:35,0
DA:36,0
DA:39,0
DA:41,0
DA:42,0
LF:14
LH:0
end_of_record
TN:
SF:C:\Source\rust\maveric\src\with_coerced_context.rs
FNF:0
DA:16,0
DA:20,0
DA:27,0
DA:28,0
DA:33,0
DA:44,0
DA:58,0
DA:59,0
DA:70,0
DA:71,0
DA:72,0
DA:74,0
DA:75,0
DA:81,0
DA:82,0
DA:85,0
DA:86,0
DA:87,0
DA:89,0
DA:90,0
DA:91,0
DA:92,0
LF:22
LH:0
end_of_record
